2019-08-07 12:41:43,452 - C:/Users/Thada/Documents/GitHub_ThadaJ/temp/Thai.mp4
2019-08-07 12:41:43,453 - C:/Users/Thada/Documents/GitHub_ThadaJ/temp/English.mp4
2019-08-07 12:41:43,536 - existDirectory is True
2019-08-07 12:41:45,385 -    beginSecond  endSecond
0        5.005      6.089
1        6.256      7.466
2        7.633      9.051
3       10.093     11.303
4       11.637     13.555
2019-08-07 12:41:59,174 -    pkt_pts_time
0      0.043021
1      3.796354
2      7.551354
3     11.304688
4     15.058021
2019-08-07 12:41:59,186 -    pkt_pts_time  contain_speech
0      0.043021           False
1      3.796354            True
2      7.551354            True
3     11.304688            True
4     15.058021            True
2019-08-07 12:41:59,192 - # key frames containing speech: 48
2019-08-07 12:41:59,192 - # key frames not containing speech: 21
2019-08-07 12:41:59,192 - Total time of frames containing speech: 146.02 seconds
2019-08-07 12:42:09,737 - finishedSplitVideo1 is True
2019-08-07 12:42:09,737 - finishedSplitVideo2 is True
2019-08-07 12:42:09,757 - # of segments: 10
2019-08-07 12:42:09,938 -    pkt_pts_time  contain_speech  groups
0      0.043021           False     NaN
1      3.796354            True     5.0
2      7.551354            True     5.0
3     11.304688            True     5.0
4     15.058021            True     5.0
2019-08-07 12:42:09,951 - Ordering keyframes in both languages: please see segmented_keyframes/mylist.txt
2019-08-07 12:42:11,772 - finishedCombineVideos is True
